<?xml version="1.0" encoding="UTF-8"?>
<!-- Generated by org.testng.reporters.JUnitReportReporter -->
<testsuite hostname="DESKTOP-HCCQD1D" failures="0" tests="3" name="applications.LoginHome" time="58.918" errors="0" timestamp="2021-07-02T18:21:44 IST" skipped="0">
  <testcase classname="applications.LoginHome" name="personalDetails" time="23.251"/>
  <system-out/>
  <testcase classname="applications.LoginHome" name="addressDetails" time="4.800"/>
  <system-out/>
  <testcase classname="applications.LoginHome" name="commoditySelect" time="30.867"/>
  <system-out/>
</testsuite> <!-- applications.LoginHome -->
